Using pre-set license
Built from '2021.3/staging' branch; Version is '2021.3.13f1 (9e7d58001ecf) revision 10386776'; Using compiler version '192829333'; Build Type 'Release'
OS: 'Windows 10  (10.0.19045) 64bit Enterprise' Language: 'en' Physical Memory: 24451 MB
BatchMode: 1, IsHumanControllingUs: 0, StartBugReporterOnCrash: 0, Is64bit: 1, IsPro: 1

COMMAND LINE ARGUMENTS:
D:\Unity\2021.3.13f1\Editor\Unity.exe
-adb2
-batchMode
-noUpm
-name
AssetImportWorker0
-projectPath
D:/Unity/projects/ASMLV4VR
-logFile
Logs/AssetImportWorker0.log
-srvPort
25972
Successfully changed project path to: D:/Unity/projects/ASMLV4VR
D:/Unity/projects/ASMLV4VR
[UnityMemory] Configuration Parameters - Can be set up in boot.config
    "memorysetup-bucket-allocator-granularity=16"
    "memorysetup-bucket-allocator-bucket-count=8"
    "memorysetup-bucket-allocator-block-size=33554432"
    "memorysetup-bucket-allocator-block-count=8"
    "memorysetup-main-allocator-block-size=16777216"
    "memorysetup-thread-allocator-block-size=16777216"
    "memorysetup-gfx-main-allocator-block-size=16777216"
    "memorysetup-gfx-thread-allocator-block-size=16777216"
    "memorysetup-cache-allocator-block-size=4194304"
    "memorysetup-typetree-allocator-block-size=2097152"
    "memorysetup-profiler-bucket-allocator-granularity=16"
    "memorysetup-profiler-bucket-allocator-bucket-count=8"
    "memorysetup-profiler-bucket-allocator-block-size=33554432"
    "memorysetup-profiler-bucket-allocator-block-count=8"
    "memorysetup-profiler-allocator-block-size=16777216"
    "memorysetup-profiler-editor-allocator-block-size=1048576"
    "memorysetup-temp-allocator-size-main=16777216"
    "memorysetup-job-temp-allocator-block-size=2097152"
    "memorysetup-job-temp-allocator-block-size-background=1048576"
    "memorysetup-job-temp-allocator-reduction-small-platforms=262144"
    "memorysetup-temp-allocator-size-background-worker=32768"
    "memorysetup-temp-allocator-size-job-worker=262144"
    "memorysetup-temp-allocator-size-preload-manager=33554432"
    "memorysetup-temp-allocator-size-nav-mesh-worker=65536"
    "memorysetup-temp-allocator-size-audio-worker=65536"
    "memorysetup-temp-allocator-size-cloud-worker=32768"
    "memorysetup-temp-allocator-size-gi-baking-worker=262144"
    "memorysetup-temp-allocator-size-gfx=262144"
Refreshing native plugins compatible for Editor in 210.41 ms, found 12 plugins.
Preloading 1 native plugins for Editor in 1.05 ms.
Initialize engine version: 2021.3.13f1 (9e7d58001ecf)
[Subsystems] Discovering subsystems at path D:/Unity/2021.3.13f1/Editor/Data/Resources/UnitySubsystems
[Subsystems] Discovering subsystems at path D:/Unity/projects/ASMLV4VR/Assets
GfxDevice: creating device client; threaded=0; jobified=0
Direct3D:
    Version:  Direct3D 11.0 [level 11.0]
    Renderer: NVIDIA Quadro M1200 (ID=0x13b6)
    Vendor:   NVIDIA
    VRAM:     4053 MB
    Driver:   31.0.15.1669
Initialize mono
Mono path[0] = 'D:/Unity/2021.3.13f1/Editor/Data/Managed'
Mono path[1] = 'D:/Unity/2021.3.13f1/Editor/Data/MonoBleedingEdge/lib/mono/unityjit-win32'
Mono config path = 'D:/Unity/2021.3.13f1/Editor/Data/MonoBleedingEdge/etc'
Using monoOptions --debugger-agent=transport=dt_socket,embedding=1,server=y,suspend=n,address=127.0.0.1:56412
Begin MonoManager ReloadAssembly
Registering precompiled unity dll's ...
Register platform support module: D:/Unity/2021.3.13f1/Editor/Data/PlaybackEngines/AndroidPlayer/UnityEditor.Android.Extensions.dll
Register platform support module: D:/Unity/2021.3.13f1/Editor/Data/PlaybackEngines/WindowsStandaloneSupport/UnityEditor.WindowsStandalone.Extensions.dll
Registered in 0.006486 seconds.
Native extension for WindowsStandalone target not found
Native extension for Android target not found
Refreshing native plugins compatible for Editor in 203.68 ms, found 12 plugins.
Preloading 1 native plugins for Editor in 0.16 ms.
Mono: successfully reloaded assembly
- Completed reload, in  1.114 seconds
Domain Reload Profiling:
	ReloadAssembly (1115ms)
		BeginReloadAssembly (105ms)
			ExecutionOrderSort (0ms)
			DisableScriptedObjects (0ms)
			BackupInstance (0ms)
			ReleaseScriptingObjects (0ms)
			CreateAndSetChildDomain (1ms)
		EndReloadAssembly (836ms)
			LoadAssemblies (105ms)
			RebuildTransferFunctionScriptingTraits (0ms)
			SetupTypeCache (192ms)
			ReleaseScriptCaches (0ms)
			RebuildScriptCaches (58ms)
			SetupLoadedEditorAssemblies (508ms)
				LogAssemblyErrors (0ms)
				InitializePlatformSupportModulesInManaged (97ms)
				SetLoadedEditorAssemblies (0ms)
				RefreshPlugins (204ms)
				BeforeProcessingInitializeOnLoad (2ms)
				ProcessInitializeOnLoadAttributes (138ms)
				ProcessInitializeOnLoadMethodAttributes (67ms)
				AfterProcessingInitializeOnLoad (0ms)
				EditorAssembliesLoaded (0ms)
			ExecutionOrderSort2 (0ms)
			AwakeInstancesAfterBackupRestoration (0ms)
Platform modules already initialized, skipping
Registering precompiled user dll's ...
Registered in 0.018134 seconds.
Begin MonoManager ReloadAssembly
Symbol file LoadedFromMemory doesn't match image D:\Unity\projects\ASMLV4VR\Library\PackageCache\com.unity.visualscripting@1.7.8\Editor\VisualScripting.Core\Dependencies\DotNetZip\Unity.VisualScripting.IonicZip.dll
Symbol file LoadedFromMemory doesn't match image D:\Unity\projects\ASMLV4VR\Library\PackageCache\com.unity.visualscripting@1.7.8\Editor\VisualScripting.Core\Dependencies\YamlDotNet\Unity.VisualScripting.YamlDotNet.dll
Native extension for WindowsStandalone target not found
Native extension for Android target not found
Refreshing native plugins compatible for Editor in 188.81 ms, found 12 plugins.
Preloading 1 native plugins for Editor in 0.07 ms.
Package Manager log level set to [2]
System.Reflection.TargetInvocationException: Exception has been thrown by the target of an invocation. ---> System.NullReferenceException: Object reference not set to an instance of an object
  at Unity.XR.Oculus.OculusLoader.AssetPathToAbsolutePath (System.String assetPath) [0x0003d] in D:\Unity\projects\ASMLV4VR\Library\PackageCache\com.unity.xr.oculus@3.2.2\Runtime\OculusLoader.cs:296 
  at Unity.XR.Oculus.OculusLoader.EditorLoadOVRPlugin () [0x0007b] in D:\Unity\projects\ASMLV4VR\Library\PackageCache\com.unity.xr.oculus@3.2.2\Runtime\OculusLoader.cs:281 
  at (wrapper managed-to-native) System.Reflection.RuntimeMethodInfo.InternalInvoke(System.Reflection.RuntimeMethodInfo,object,object[],System.Exception&)
  at System.Reflection.RuntimeMethodInfo.Invoke (System.Object obj, System.Reflection.BindingFlags invokeAttr, System.Reflection.Binder binder, System.Object[] parameters, System.Globalization.CultureInfo culture) [0x0006a] in <c9d3ffd4b98649ee9989e1908eaca019>:0 
   --- End of inner exception stack trace ---
  at System.Reflection.RuntimeMethodInfo.Invoke (System.Object obj, System.Reflection.BindingFlags invokeAttr, System.Reflection.Binder binder, System.Object[] parameters, System.Globalization.CultureInfo culture) [0x00083] in <c9d3ffd4b98649ee9989e1908eaca019>:0 
  at System.Reflection.MethodBase.Invoke (System.Object obj, System.Object[] parameters) [0x00000] in <c9d3ffd4b98649ee9989e1908eaca019>:0 
  at UnityEditor.EditorAssemblies.ProcessInitializeOnLoadMethodAttributes () [0x000a5] in <dc1a47a5816e4be7bc6817ee4d339e75>:0 
UnityEngine.StackTraceUtility:ExtractStackTrace ()
UnityEngine.DebugLogHandler:LogFormat (UnityEngine.LogType,UnityEngine.Object,string,object[])
UnityEngine.Logger:Log (UnityEngine.LogType,object)
UnityEngine.Debug:LogError (object)
UnityEditor.EditorAssemblies:ProcessInitializeOnLoadMethodAttributes ()

Mono: successfully reloaded assembly
- Completed reload, in  2.344 seconds
Domain Reload Profiling:
	ReloadAssembly (2345ms)
		BeginReloadAssembly (324ms)
			ExecutionOrderSort (0ms)
			DisableScriptedObjects (10ms)
			BackupInstance (0ms)
			ReleaseScriptingObjects (0ms)
			CreateAndSetChildDomain (184ms)
		EndReloadAssembly (1872ms)
			LoadAssemblies (169ms)
			RebuildTransferFunctionScriptingTraits (0ms)
			SetupTypeCache (473ms)
			ReleaseScriptCaches (1ms)
			RebuildScriptCaches (99ms)
			SetupLoadedEditorAssemblies (1084ms)
				LogAssemblyErrors (0ms)
				InitializePlatformSupportModulesInManaged (15ms)
				SetLoadedEditorAssemblies (0ms)
				RefreshPlugins (189ms)
				BeforeProcessingInitializeOnLoad (198ms)
				ProcessInitializeOnLoadAttributes (539ms)
				ProcessInitializeOnLoadMethodAttributes (138ms)
				AfterProcessingInitializeOnLoad (4ms)
				EditorAssembliesLoaded (0ms)
			ExecutionOrderSort2 (0ms)
			AwakeInstancesAfterBackupRestoration (8ms)
Platform modules already initialized, skipping
========================================================================
Worker process is ready to serve import requests
Launched and connected shader compiler UnityShaderCompiler.exe after 0.07 seconds
Refreshing native plugins compatible for Editor in 2.06 ms, found 12 plugins.
Preloading 1 native plugins for Editor in 0.10 ms.
Unloading 7184 Unused Serialized files (Serialized files now loaded: 0)
Unloading 70 unused Assets / (450.2 KB). Loaded Objects now: 7609.
Memory consumption went from 281.8 MB to 281.3 MB.
Total: 7.709600 ms (FindLiveObjects: 0.842700 ms CreateObjectMapping: 1.120500 ms MarkObjects: 5.266600 ms  DeleteObjects: 0.478500 ms)

AssetImportParameters requested are different than current active one (requested -> active):
  custom:video-decoder-ogg-theora: a1e56fd34408186e4bbccfd4996cb3dc -> 
  custom:container-muxer-webm: aa71ff27fc2769a1b78a27578f13a17b -> 
  custom:container-demuxer-webm: 4f35f7cbe854078d1ac9338744f61a02 -> 
  custom:video-encoder-webm-vp8: eb34c28f22e8b96e1ab97ce403110664 -> 
  custom:video-codec-MediaFoundation-h265: 746d11721c4dcdbdad8f713fa42b33f4 -> 
  custom:audio-encoder-webm-vorbis: bf7c407c2cedff20999df2af8eb42d56 -> 
  custom:framework-win-MediaFoundation: 216162199b28c13a410421893ffa2e32 -> 
  custom:container-demuxer-ogg: 62fdf1f143b41e24485cea50d1cbac27 -> 
  custom:video-decoder-webm-vp8: 9c59270c3fd7afecdb556c50c9e8de78 -> 
  custom:audio-decoder-ogg-vorbis: bf7c407c2cedff20999df2af8eb42d56 -> 
========================================================================
Received Import Request.
  Time since last request: 621598.449899 seconds.
  path: Assets/BlenderObjects
  artifactKey: Guid(90238c433535ffa43bf7da72e1f4b6b7) Importer(815301076,1909f56bfc062723c751e8b465ee728b)
Start importing Assets/BlenderObjects using Guid(90238c433535ffa43bf7da72e1f4b6b7) Importer(815301076,1909f56bfc062723c751e8b465ee728b)  -> (artifact id: '8d6d064d45c9a6196c7e08e0a95edc9e') in 0.019070 seconds 
========================================================================
Received Import Request.
  Time since last request: 4.573386 seconds.
  path: Assets/BlenderObjects/Bin.obj
  artifactKey: Guid(c6bfee4e8172471438fe251293d7563d) Importer(815301076,1909f56bfc062723c751e8b465ee728b)
Start importing Assets/BlenderObjects/Bin.obj using Guid(c6bfee4e8172471438fe251293d7563d) Importer(815301076,1909f56bfc062723c751e8b465ee728b)  -> (artifact id: 'd8ce6bf5748372d427b501711ce34f0b') in 0.092761 seconds 
========================================================================
Received Import Request.
  Time since last request: 2.450554 seconds.
  path: Assets/BlenderObjects/Bearing.obj
  artifactKey: Guid(7dc22dc93484b0242bc27648ddccbe96) Importer(815301076,1909f56bfc062723c751e8b465ee728b)
Start importing Assets/BlenderObjects/Bearing.obj using Guid(7dc22dc93484b0242bc27648ddccbe96) Importer(815301076,1909f56bfc062723c751e8b465ee728b)  -> (artifact id: '17dc2c72d69ce1a58ea47edf54acd6dc') in 0.009507 seconds 
========================================================================
Received Import Request.
  Time since last request: 98.525701 seconds.
  path: Assets/BlenderObjects/Bearing.obj
  artifactKey: Guid(7dc22dc93484b0242bc27648ddccbe96) Importer(815301076,1909f56bfc062723c751e8b465ee728b)
Start importing Assets/BlenderObjects/Bearing.obj using Guid(7dc22dc93484b0242bc27648ddccbe96) Importer(815301076,1909f56bfc062723c751e8b465ee728b)  -> (artifact id: '75c62921f9f0a3710f0434e414aa3ef7') in 0.005478 seconds 
========================================================================
Received Import Request.
  Time since last request: 125.717876 seconds.
  path: Assets/BlenderObjects/Bearing 1.obj
  artifactKey: Guid(b47da52e44777cc44bef7b4e0dba854a) Importer(815301076,1909f56bfc062723c751e8b465ee728b)
Start importing Assets/BlenderObjects/Bearing 1.obj using Guid(b47da52e44777cc44bef7b4e0dba854a) Importer(815301076,1909f56bfc062723c751e8b465ee728b)  -> (artifact id: '3fd23e299ff446cab9feb65706dc7bd1') in 0.012112 seconds 
========================================================================
Received Import Request.
  Time since last request: 10.466319 seconds.
  path: Assets/BlenderObjects/Gear25tooth.obj
  artifactKey: Guid(61f3a4c67678c72419cb8c7d0d34d51a) Importer(815301076,1909f56bfc062723c751e8b465ee728b)
Start importing Assets/BlenderObjects/Gear25tooth.obj using Guid(61f3a4c67678c72419cb8c7d0d34d51a) Importer(815301076,1909f56bfc062723c751e8b465ee728b)  -> (artifact id: '3641377402013424556c51bf8bf3935b') in 0.010274 seconds 
========================================================================
Received Import Request.
  Time since last request: 272.034347 seconds.
  path: Assets/Bearing.obj
  artifactKey: Guid(5409fc1dc025d8d4097ab19d34079b93) Importer(815301076,1909f56bfc062723c751e8b465ee728b)
Start importing Assets/Bearing.obj using Guid(5409fc1dc025d8d4097ab19d34079b93) Importer(815301076,1909f56bfc062723c751e8b465ee728b)  -> (artifact id: '7559b72df7610fc6d91b484b69496043') in 0.006247 seconds 
========================================================================
Received Import Request.
  Time since last request: 11.748043 seconds.
  path: Assets/BlenderObjects/Gear15tooth.obj
  artifactKey: Guid(d751560ff5022d64ead9f966e8e48eb6) Importer(815301076,1909f56bfc062723c751e8b465ee728b)
Start importing Assets/BlenderObjects/Gear15tooth.obj using Guid(d751560ff5022d64ead9f966e8e48eb6) Importer(815301076,1909f56bfc062723c751e8b465ee728b)  -> (artifact id: 'd8f519ad972d2329ce98308067433760') in 0.012082 seconds 
========================================================================
Received Import Request.
  Time since last request: 277.304797 seconds.
  path: Assets/BlenderObjects/Gear20tooth.obj
  artifactKey: Guid(70162fe25e30e7341b5c164545711465) Importer(815301076,1909f56bfc062723c751e8b465ee728b)
Start importing Assets/BlenderObjects/Gear20tooth.obj using Guid(70162fe25e30e7341b5c164545711465) Importer(815301076,1909f56bfc062723c751e8b465ee728b)  -> (artifact id: '8a20c776ba2b57b5c7f8883d72fa2edb') in 0.010850 seconds 
========================================================================
Received Import Request.
  Time since last request: 289.757146 seconds.
  path: Assets/UniversalRenderPipelineGlobalSettings.asset
  artifactKey: Guid(18dc0cd2c080841dea60987a38ce93fa) Importer(815301076,1909f56bfc062723c751e8b465ee728b)
Start importing Assets/UniversalRenderPipelineGlobalSettings.asset using Guid(18dc0cd2c080841dea60987a38ce93fa) Importer(815301076,1909f56bfc062723c751e8b465ee728b)  -> (artifact id: '47d55dacb453b1d44e11d8b7a963ca83') in 0.012561 seconds 
========================================================================
Received Import Request.
  Time since last request: 408.081923 seconds.
  path: Assets/Scenes/VRMultiPlayerTestScene/Postprocessing Profile 3.asset
  artifactKey: Guid(0c1f303c7dced1d4d87f41a9421ded3a) Importer(815301076,1909f56bfc062723c751e8b465ee728b)
Start importing Assets/Scenes/VRMultiPlayerTestScene/Postprocessing Profile 3.asset using Guid(0c1f303c7dced1d4d87f41a9421ded3a) Importer(815301076,1909f56bfc062723c751e8b465ee728b)  -> (artifact id: '8eeb46e759ac8ce646354948a4684646') in 0.018443 seconds 
========================================================================
Received Import Request.
  Time since last request: 275.741741 seconds.
  path: Assets/Scenes/VRMultiPlayerTestScene.unity
  artifactKey: Guid(77a9b618fc294a1469518ba303cc9771) Importer(815301076,1909f56bfc062723c751e8b465ee728b)
Start importing Assets/Scenes/VRMultiPlayerTestScene.unity using Guid(77a9b618fc294a1469518ba303cc9771) Importer(815301076,1909f56bfc062723c751e8b465ee728b)  -> (artifact id: '1d3f0d6882c3cfe488b2baa8cf471bfc') in 0.008141 seconds 
========================================================================
Received Import Request.
  Time since last request: 1.635695 seconds.
  path: Assets/Scenes/VRMultiPlayerTestScene.unity
  artifactKey: Guid(77a9b618fc294a1469518ba303cc9771) Importer(815301076,1909f56bfc062723c751e8b465ee728b)
Start importing Assets/Scenes/VRMultiPlayerTestScene.unity using Guid(77a9b618fc294a1469518ba303cc9771) Importer(815301076,1909f56bfc062723c751e8b465ee728b)  -> (artifact id: '189594223c4b35942085a8e5d31b5e7e') in 0.003057 seconds 
========================================================================
Received Import Request.
  Time since last request: 45.305041 seconds.
  path: Assets/Prefabs/XR Rig Multiplayer.prefab
  artifactKey: Guid(28e037f1e3ac99745a0ce833b57ad14f) Importer(815301076,1909f56bfc062723c751e8b465ee728b)
Start importing Assets/Prefabs/XR Rig Multiplayer.prefab using Guid(28e037f1e3ac99745a0ce833b57ad14f) Importer(815301076,1909f56bfc062723c751e8b465ee728b)  -> (artifact id: '3070160441c0cdbb2fb3e66f6d323689') in 0.368878 seconds 
========================================================================
Received Import Request.
  Time since last request: 81.875445 seconds.
  path: Assets/UniversalRenderPipelineGlobalSettings.asset
  artifactKey: Guid(18dc0cd2c080841dea60987a38ce93fa) Importer(815301076,1909f56bfc062723c751e8b465ee728b)
Start importing Assets/UniversalRenderPipelineGlobalSettings.asset using Guid(18dc0cd2c080841dea60987a38ce93fa) Importer(815301076,1909f56bfc062723c751e8b465ee728b)  -> (artifact id: 'bd3c4912cc6389ae663303791f8bb1ad') in 0.004257 seconds 
========================================================================
Received Import Request.
  Time since last request: 16.717181 seconds.
  path: Assets/Settings/SampleSceneProfile.asset
  artifactKey: Guid(a6560a915ef98420e9faacc1c7438823) Importer(815301076,1909f56bfc062723c751e8b465ee728b)
Start importing Assets/Settings/SampleSceneProfile.asset using Guid(a6560a915ef98420e9faacc1c7438823) Importer(815301076,1909f56bfc062723c751e8b465ee728b)  -> (artifact id: 'd700507890f57f82a6c81e8255f96764') in 0.010609 seconds 
========================================================================
Received Import Request.
  Time since last request: 133.211937 seconds.
  path: Assets/Prefabs/XR Rig Multiplayer.prefab
  artifactKey: Guid(28e037f1e3ac99745a0ce833b57ad14f) Importer(815301076,1909f56bfc062723c751e8b465ee728b)
Start importing Assets/Prefabs/XR Rig Multiplayer.prefab using Guid(28e037f1e3ac99745a0ce833b57ad14f) Importer(815301076,1909f56bfc062723c751e8b465ee728b)  -> (artifact id: '62b939103a82a5e90ed17d69bb87ba58') in 0.023477 seconds 
========================================================================
Received Import Request.
  Time since last request: 26.952556 seconds.
  path: Assets/Scenes/VRMultiPlayerTestScene
  artifactKey: Guid(4927b0c78bfa55e43bebab1aeca2d7ce) Importer(815301076,1909f56bfc062723c751e8b465ee728b)
Start importing Assets/Scenes/VRMultiPlayerTestScene using Guid(4927b0c78bfa55e43bebab1aeca2d7ce) Importer(815301076,1909f56bfc062723c751e8b465ee728b)  -> (artifact id: '6a4a20a69f2eaf1faaa31a7d2e55dfdc') in 0.009740 seconds 
========================================================================
Received Import Request.
  Time since last request: 1.913789 seconds.
  path: Assets/Scenes/VRMultiPlayerTestScene/PostProcessing Profile.asset
  artifactKey: Guid(604d8abb72710c5449bbcb2bad65a90f) Importer(815301076,1909f56bfc062723c751e8b465ee728b)
Start importing Assets/Scenes/VRMultiPlayerTestScene/PostProcessing Profile.asset using Guid(604d8abb72710c5449bbcb2bad65a90f) Importer(815301076,1909f56bfc062723c751e8b465ee728b)  -> (artifact id: 'dc23fdeaa839efd32a451366e2e1baf2') in 0.011167 seconds 
========================================================================
Received Import Request.
  Time since last request: 1.988362 seconds.
  path: Assets/Scenes/VRMultiPlayerTestScene/PostProcessing Profile 2.asset
  artifactKey: Guid(11d7812dfdd423f479456df520ce2640) Importer(815301076,1909f56bfc062723c751e8b465ee728b)
Start importing Assets/Scenes/VRMultiPlayerTestScene/PostProcessing Profile 2.asset using Guid(11d7812dfdd423f479456df520ce2640) Importer(815301076,1909f56bfc062723c751e8b465ee728b)  -> (artifact id: 'c9caabf67209de26fde4ab4033a89130') in 0.009531 seconds 
========================================================================
Received Import Request.
  Time since last request: 0.421896 seconds.
  path: Assets/Scenes/VRMultiPlayerTestScene/PostProcessing Profile 1.asset
  artifactKey: Guid(ffd9427ff84038e48a07697070532cca) Importer(815301076,1909f56bfc062723c751e8b465ee728b)
Start importing Assets/Scenes/VRMultiPlayerTestScene/PostProcessing Profile 1.asset using Guid(ffd9427ff84038e48a07697070532cca) Importer(815301076,1909f56bfc062723c751e8b465ee728b)  -> (artifact id: 'edbeaf9d847a965e3dccafbd9b084c81') in 0.010322 seconds 
AssetImportWorkerClient::OnTransportError - code=10054 error=An existing connection was forcibly closed by the remote host.
